<?xml version="1.0" encoding="UTF-8"?>
<testng-results skipped="0" failed="0" ignored="0" total="1" passed="1">
  <reporter-output>
  </reporter-output>
  <suite name="Default suite" duration-ms="61122" started-at="2020-07-03T17:23:45Z" finished-at="2020-07-03T17:24:46Z">
    <groups>
    </groups>
    <test name="Default test" duration-ms="61122" started-at="2020-07-03T17:23:45Z" finished-at="2020-07-03T17:24:46Z">
      <class name="com.automationpractice.test.SignUPTest">
        <test-method status="PASS" signature="setUp()[pri:0, instance:com.automationpractice.test.SignUPTest@523884b2]" name="setUp" is-config="true" duration-ms="59788" started-at="2020-07-03T17:23:45Z" finished-at="2020-07-03T17:24:45Z">
          <reporter-output>
          </reporter-output>
        </test-method> <!-- setUp -->
        <test-method status="PASS" signature="productDeatils()[pri:0, instance:com.automationpractice.test.SignUPTest@523884b2]" name="productDeatils" duration-ms="486" started-at="2020-07-03T17:24:45Z" finished-at="2020-07-03T17:24:45Z">
          <reporter-output>
          </reporter-output>
        </test-method> <!-- productDeatils -->
        <test-method status="PASS" signature="teardown()[pri:0, instance:com.automationpractice.test.SignUPTest@523884b2]" name="teardown" is-config="true" duration-ms="801" started-at="2020-07-03T17:24:45Z" finished-at="2020-07-03T17:24:46Z">
          <reporter-output>
          </reporter-output>
        </test-method> <!-- teardown -->
      </class> <!-- com.automationpractice.test.SignUPTest -->
    </test> <!-- Default test -->
  </suite> <!-- Default suite -->
</testng-results>
